Sender: LSF System <lsfadmin@c1106>
Subject: Job 33855: <gen2> Done

Job <gen2> was submitted from host <laohu.bao.ac.cn> by user <liulei> in cluster <naoc_hpc>.
Job was executed on host(s) <c1106>, in queue <cpu_test>, as user <liulei> in cluster <naoc_hpc>.
</export/home/liulei> was used as the home directory.
</export/home/liulei/program/mp-cd-sph/python/six_model2> was used as the working directory.
Started at Wed May 22 02:14:49 2013
Results reported at Wed May 22 02:39:46 2013

Your job looked like:

------------------------------------------------------------
# LSBATCH: User input
#!/bin/sh

#BSUB -J gen2
#BSUB -q cpu_test
#BSUB -a openmpi-qlc
#BSUB -R 'select[type==any] span[ptile=1] rusage[ngpus=1]'
#BSUB -o log.lsf.out
#BSUB -e log.lsf.err
#BSUB -n 1

date

./DPanel.py 10 25.0 > log.out
./McPanel.py 10 12.5 > log.out
./histPanel.py 10 > log.out

./DPanel.py 50 25.0 > log.out
./McPanel.py 50 12.5 > log.out
./histPanel.py 50 > log.out

./DPanel.py 100 25.0 > log.out
./McPanel.py 100 12.5 > log.out
./histPanel.py 100 > log.out

./DPanel.py 150 25.0 > log.out
./McPanel.py 150 12.5 > log.out
./histPanel.py 150 > log.out

./DPanel.py 200 25.0 > log.out
./McPanel.py 200 12.5 > log.out
./histPanel.py 200 > log.out

date

------------------------------------------------------------

Successfully completed.

Resource usage summary:

    CPU time   :   1484.07 sec.
    Max Memory :       834 MB
    Max Swap   :      1225 MB

    Max Processes  :         5
    Max Threads    :         6

The output (if any) follows:

Wed May 22 02:14:49 CST 2013
Wed May 22 02:39:46 CST 2013


PS:

Read file <log.lsf.err> for stderr output of this job.

Sender: LSF System <lsfadmin@c1107>
Subject: Job 33856: <gen2> Done

Job <gen2> was submitted from host <laohu.bao.ac.cn> by user <liulei> in cluster <naoc_hpc>.
Job was executed on host(s) <c1107>, in queue <cpu_test>, as user <liulei> in cluster <naoc_hpc>.
</export/home/liulei> was used as the home directory.
</export/home/liulei/program/mp-cd-sph/python/six_model2> was used as the working directory.
Started at Wed May 22 06:05:08 2013
Results reported at Wed May 22 06:08:07 2013

Your job looked like:

------------------------------------------------------------
# LSBATCH: User input
#!/bin/sh

#BSUB -J gen2
#BSUB -q cpu_test
#BSUB -a openmpi-qlc
#BSUB -R 'select[type==any] span[ptile=1] rusage[ngpus=1]'
#BSUB -o log.lsf.out
#BSUB -e log.lsf.err
#BSUB -n 1

date

#./DPanel.py 10 25.0 > log.out
#./McPanel.py 10 12.5 > log.out
#./histPanel.py 10 > log.out

#./DPanel.py 50 25.0 > log.out
#./McPanel.py 50 12.5 > log.out
#./histPanel.py 50 > log.out

#./DPanel.py 100 25.0 > log.out
#./McPanel.py 100 12.5 > log.out
#./histPanel.py 100 > log.out

#./DPanel.py 150 25.0 > log.out
#./McPanel.py 150 12.5 > log.out
#./histPanel.py 150 > log.out

./DPanel.py 200 25.0 > log.out
./McPanel.py 200 12.5 > log.out
./histPanel.py 200 > log.out

date

------------------------------------------------------------

Successfully completed.

Resource usage summary:

    CPU time   :    174.98 sec.
    Max Memory :       185 MB
    Max Swap   :       577 MB

    Max Processes  :         5
    Max Threads    :         6

The output (if any) follows:

Wed May 22 06:05:08 CST 2013
Wed May 22 06:08:07 CST 2013


PS:

Read file <log.lsf.err> for stderr output of this job.

