Traceback (most recent call last):
  File "./compFeHistp.py", line 83, in <module>
    ntot, time, rarr = mp.read_snap_paral(mp.prefix, dir_name, base_name, snap_num, nproc)
  File "/export/home/liulei/program/mp-cd-sph/python/mp.py", line 434, in read_snap_paral
    atemp = np.loadtxt(file_name, dtype = struct_snap_paral, skiprows = 4)
  File "/export/home/liulei/.local/lib/python2.7/site-packages/numpy/lib/npyio.py", line 813, in loadtxt
    X = np.array(X, dtype)
KeyboardInterrupt
Traceback (most recent call last):
  File "./fourPanelT.py", line 489, in <module>
    multi_T(dir_name, base_name, nproc, size, snap_num)
  File "./fourPanelT.py", line 97, in multi_T
    ntot, time, rarr = mp.read_snap_paral(mp.prefix, dir_name, base_name, snap_num[1], nproc)
  File "/export/home/liulei/program/mp-cd-sph/python/mp.py", line 434, in read_snap_paral
    atemp = np.loadtxt(file_name, dtype = struct_snap_paral, skiprows = 4)
  File "/export/home/liulei/.local/lib/python2.7/site-packages/numpy/lib/npyio.py", line 813, in loadtxt
    X = np.array(X, dtype)
KeyboardInterrupt
Traceback (most recent call last):
  File "./showM0M.py", line 72, in <module>
    snap_num = sys.argv[4]
IndexError: list index out of range
